[2024-12-10 19:53:57.017837574 +0100 CET m=+0.000809095] [] -> 
{
	database error -> error while trying to execute queries from ../db/db-snapshot.sql: Error 1064 (42000): You have an error in your SQL syntax; check the manual that corresponds to your MySQL server version for the right syntax to use near 'CREATE TABLE
    IF NOT EXISTS email_verification (
        id VARCHAR(36) PRIMA' at line 10,
	responded with HTTP status -> 0
	responded with message -> ""
}

[2024-12-10 19:55:14.035697588 +0100 CET m=+0.000822491] [] -> 
{
	database error -> error while trying to execute queries from ../db/db-snapshot.sql: Error 1064 (42000): You have an error in your SQL syntax; check the manual that corresponds to your MySQL server version for the right syntax to use near 'CREATE TABLE
    IF NOT EXISTS email_verification (
        id VARCHAR(36) PRIMA' at line 10,
	responded with HTTP status -> 0
	responded with message -> ""
}

[2024-12-10 19:55:34.479604855 +0100 CET m=+0.000781844] [] -> 
{
	database error -> error while trying to execute queries from ../db/db-snapshot.sql: Error 1064 (42000): You have an error in your SQL syntax; check the manual that corresponds to your MySQL server version for the right syntax to use near 'CREATE TABLE
    IF NOT EXISTS email_verification (
        id VARCHAR(36) PRIMA' at line 10,
	responded with HTTP status -> 0
	responded with message -> ""
}

[2024-12-10 19:55:59.268380812 +0100 CET m=+0.000728794] [] -> 
{
	database error -> error while trying to execute queries from ../db/db-snapshot.sql: Error 1064 (42000): You have an error in your SQL syntax; check the manual that corresponds to your MySQL server version for the right syntax to use near 'CREATE TABLE
    IF NOT EXISTS email_verification (
        id VARCHAR(36) PRIMA' at line 10,
	responded with HTTP status -> 0
	responded with message -> ""
}

[2024-12-10 19:56:36.554423491 +0100 CET m=+0.000824435] [] -> 
{
	database error -> error while trying to execute queries from ../db/db-snapshot.sql: Error 1064 (42000): You have an error in your SQL syntax; check the manual that corresponds to your MySQL server version for the right syntax to use near 'CREATE TABLE
    IF NOT EXISTS email_verification (
        id VARCHAR(36) PRIMA' at line 10,
	responded with HTTP status -> 0
	responded with message -> ""
}

[2024-12-10 19:57:04.308630748 +0100 CET m=+0.000854542] [] -> 
{
	database error -> error while trying to execute queries from ../db/db-snapshot.sql: Error 1064 (42000): You have an error in your SQL syntax; check the manual that corresponds to your MySQL server version for the right syntax to use near 'CREATE TABLE
    IF NOT EXISTS email_verification (
        id VARCHAR(36) PRIMA' at line 10,
	responded with HTTP status -> 0
	responded with message -> ""
}

[2024-12-10 20:00:58.243961737 +0100 CET m=+0.000881390] [] -> 
{
	database error -> error while trying to execute queries from ../db/db-snapshot.sql: Error 1064 (42000): You have an error in your SQL syntax; check the manual that corresponds to your MySQL server version for the right syntax to use near ',
        username VARCHAR(50) NOT NULL,
        email VARCHAR(255) NOT NULL,
  ' at line 3,
	responded with HTTP status -> 0
	responded with message -> ""
}

[2024-12-10 20:01:29.940337208 +0100 CET m=+0.000944430] [] -> 
{
	database error -> error while trying to execute queries from ../db/db-snapshot.sql: Error 1064 (42000): You have an error in your SQL syntax; check the manual that corresponds to your MySQL server version for the right syntax to use near 'CREATE TABLE
    IF NOT EXISTS email_verification (
        id VARCHAR(36) PRIMA' at line 10,
	responded with HTTP status -> 0
	responded with message -> ""
}

